Arguments: 
  /home/bruno/.nvm/versions/node/v14.15.0/bin/node /home/bruno/.nvm/versions/node/v14.15.0/bin/yarn

PATH: 
  /home/bruno/.nvm/versions/node/v14.15.0/bin:/home/bruno/.local/share/zinit/polaris/bin:/usr/local/sbin:/usr/local/bin:/usr/sbin:/usr/bin:/sbin:/bin:/usr/games:/usr/local/games:/snap/bin

Yarn version: 
  1.22.17

Node version: 
  14.15.0

Platform: 
  linux x64

Trace: 
  SyntaxError: /home/bruno/cadastro-api/package.json: Unexpected end of JSON input
      at JSON.parse (<anonymous>)
      at /home/bruno/.nvm/versions/node/v14.15.0/lib/node_modules/yarn/lib/cli.js:1625:59
      at Generator.next (<anonymous>)
      at step (/home/bruno/.nvm/versions/node/v14.15.0/lib/node_modules/yarn/lib/cli.js:310:30)
      at /home/bruno/.nvm/versions/node/v14.15.0/lib/node_modules/yarn/lib/cli.js:321:13

npm manifest: 
  

yarn manifest: 
  No manifest

Lockfile: 
  # THIS IS AN AUTOGENERATED FILE. DO NOT EDIT THIS FILE DIRECTLY.
  # yarn lockfile v1
